0 info it worked if it ends with ok
1 verbose cli [ '/usr/local/bin/node', '/usr/local/bin/npm', 'start' ]
2 info using npm@3.6.0
3 info using node@v5.6.0
4 verbose run-script [ 'prestart', 'start', 'poststart' ]
5 info lifecycle alibot@1.0.0~prestart: alibot@1.0.0
6 verbose lifecycle alibot@1.0.0~prestart: unsafe-perm in lifecycle true
7 verbose lifecycle alibot@1.0.0~prestart: PATH: /usr/local/lib/node_modules/npm/bin/node-gyp-bin:/Users/jeremybarrass/Dropbox/Github/alibot/node_modules/.bin:/Users/jeremybarrass/.rvm/gems/ruby-2.2.3/bin:/Users/jeremybarrass/.rvm/gems/ruby-2.2.3@global/bin:/Users/jeremybarrass/.rvm/rubies/ruby-2.2.3/bin:/usr/local/bin:/usr/bin:/bin:/usr/sbin:/sbin:/Users/jeremybarrass/.rvm/bin
8 verbose lifecycle alibot@1.0.0~prestart: CWD: /Users/jeremybarrass/Dropbox/Github/alibot
9 silly lifecycle alibot@1.0.0~prestart: Args: [ '-c', 'npm install' ]
10 silly lifecycle alibot@1.0.0~prestart: Returned: code: 1  signal: null
11 info lifecycle alibot@1.0.0~prestart: Failed to exec prestart script
12 verbose stack Error: alibot@1.0.0 prestart: `npm install`
12 verbose stack Exit status 1
12 verbose stack     at EventEmitter.<anonymous> (/usr/local/lib/node_modules/npm/lib/utils/lifecycle.js:232:16)
12 verbose stack     at emitTwo (events.js:100:13)
12 verbose stack     at EventEmitter.emit (events.js:185:7)
12 verbose stack     at ChildProcess.<anonymous> (/usr/local/lib/node_modules/npm/lib/utils/spawn.js:24:14)
12 verbose stack     at emitTwo (events.js:100:13)
12 verbose stack     at ChildProcess.emit (events.js:185:7)
12 verbose stack     at maybeClose (internal/child_process.js:827:16)
12 verbose stack     at Process.ChildProcess._handle.onexit (internal/child_process.js:211:5)
13 verbose pkgid alibot@1.0.0
14 verbose cwd /Users/jeremybarrass/Dropbox/Github/alibot
15 error Darwin 14.5.0
16 error argv "/usr/local/bin/node" "/usr/local/bin/npm" "start"
17 error node v5.6.0
18 error npm  v3.6.0
19 error code ELIFECYCLE
20 error alibot@1.0.0 prestart: `npm install`
20 error Exit status 1
21 error Failed at the alibot@1.0.0 prestart script 'npm install'.
21 error Make sure you have the latest version of node.js and npm installed.
21 error If you do, this is most likely a problem with the alibot package,
21 error not with npm itself.
21 error Tell the author that this fails on your system:
21 error     npm install
21 error You can get information on how to open an issue for this project with:
21 error     npm bugs alibot
21 error Or if that isn't available, you can get their info via:
21 error     npm owner ls alibot
21 error There is likely additional logging output above.
22 verbose exit [ 1, true ]
